  cut.cpp
C:\Re_GitHub\DirectXInit\cut.cpp(10,23): error C2589: '(': スコープ解決演算子 (::) の右側にあるトークンは使えません。
C:\Re_GitHub\DirectXInit\cut.cpp(10,18): error C2062: 型 'unknown-type' は不要です。
C:\Re_GitHub\DirectXInit\cut.cpp(10,23): error C2059: 構文エラー: ')'
C:\Re_GitHub\DirectXInit\cut.cpp(11,23): error C2589: '(': スコープ解決演算子 (::) の右側にあるトークンは使えません。
C:\Re_GitHub\DirectXInit\cut.cpp(11,18): error C2062: 型 'unknown-type' は不要です。
C:\Re_GitHub\DirectXInit\cut.cpp(11,23): error C2059: 構文エラー: ')'
C:\Re_GitHub\DirectXInit\cut.cpp(12,21): error C2589: '(': スコープ解決演算子 (::) の右側にあるトークンは使えません。
C:\Re_GitHub\DirectXInit\cut.cpp(12,16): error C2062: 型 'unknown-type' は不要です。
C:\Re_GitHub\DirectXInit\cut.cpp(12,21): error C2059: 構文エラー: ')'
C:\Re_GitHub\DirectXInit\cut.cpp(13,21): error C2589: '(': スコープ解決演算子 (::) の右側にあるトークンは使えません。
C:\Re_GitHub\DirectXInit\cut.cpp(13,16): error C2062: 型 'unknown-type' は不要です。
C:\Re_GitHub\DirectXInit\cut.cpp(13,21): error C2059: 構文エラー: ')'
C:\Re_GitHub\DirectXInit\cut.cpp(22,17): error C2589: '(': スコープ解決演算子 (::) の右側にあるトークンは使えません。
C:\Re_GitHub\DirectXInit\cut.cpp(22,12): error C2062: 型 'unknown-type' は不要です。
C:\Re_GitHub\DirectXInit\cut.cpp(22,17): error C2059: 構文エラー: ')'
C:\Re_GitHub\DirectXInit\cut.cpp(23,17): error C2589: '(': スコープ解決演算子 (::) の右側にあるトークンは使えません。
C:\Re_GitHub\DirectXInit\cut.cpp(23,12): error C2062: 型 'unknown-type' は不要です。
C:\Re_GitHub\DirectXInit\cut.cpp(23,17): error C2059: 構文エラー: ')'
C:\Re_GitHub\DirectXInit\cut.cpp(34,42): error C2039: 'GetGridData': 'World1_Stage' のメンバーではありません
C:\Re_GitHub\DirectXInit\Word1_Stage.h(56,7): message : 'World1_Stage' の宣言を確認してください
C:\Re_GitHub\DirectXInit\cut.cpp(36,24): error C2039: 'SetGridData': 'World1_Stage' のメンバーではありません
C:\Re_GitHub\DirectXInit\Word1_Stage.h(56,7): message : 'World1_Stage' の宣言を確認してください
  Hold.cpp
  MouseInput.cpp
  Reposition.cpp
  コードを生成中...
