c:\users\kkout\onedrive - nkz.ac.jp\デスクトップ\dx21\directxinit\directxinit\x64\debug\vc143.pdb
c:\users\kkout\onedrive - nkz.ac.jp\デスクトップ\dx21\directxinit\directxinit\x64\debug\vc143.idb
c:\users\kkout\onedrive - nkz.ac.jp\デスクトップ\dx21\directxinit\directxinit\x64\debug\wictextureloader.obj
c:\users\kkout\onedrive - nkz.ac.jp\デスクトップ\dx21\directxinit\directxinit\x64\debug\object.obj
c:\users\kkout\onedrive - nkz.ac.jp\デスクトップ\dx21\directxinit\directxinit\x64\debug\main.obj
c:\users\kkout\onedrive - nkz.ac.jp\デスクトップ\dx21\directxinit\directxinit\x64\debug\game.obj
c:\users\kkout\onedrive - nkz.ac.jp\デスクトップ\dx21\directxinit\directxinit\x64\debug\direct3d.obj
c:\users\kkout\onedrive - nkz.ac.jp\デスクトップ\dx21\directxinit\x64\debug\pixelshader.cso
c:\users\kkout\onedrive - nkz.ac.jp\デスクトップ\dx21\directxinit\x64\debug\vertexshader.cso
c:\users\kkout\onedrive - nkz.ac.jp\デスクトップ\dx21\directxinit\x64\debug\directxinit.exe
c:\users\kkout\onedrive - nkz.ac.jp\デスクトップ\dx21\directxinit\directxinit\x64\debug\directxinit.ilk
c:\users\kkout\onedrive - nkz.ac.jp\デスクトップ\dx21\directxinit\x64\debug\directxinit.pdb
c:\users\kkout\onedrive - nkz.ac.jp\デスクトップ\dx21\directxinit\directxinit\x64\debug\directxinit.tlog\cl.command.1.tlog
c:\users\kkout\onedrive - nkz.ac.jp\デスクトップ\dx21\directxinit\directxinit\x64\debug\directxinit.tlog\cl.read.1.tlog
c:\users\kkout\onedrive - nkz.ac.jp\デスクトップ\dx21\directxinit\directxinit\x64\debug\directxinit.tlog\cl.write.1.tlog
c:\users\kkout\onedrive - nkz.ac.jp\デスクトップ\dx21\directxinit\directxinit\x64\debug\directxinit.tlog\fxc.command.1.tlog
c:\users\kkout\onedrive - nkz.ac.jp\デスクトップ\dx21\directxinit\directxinit\x64\debug\directxinit.tlog\fxc.read.1.tlog
c:\users\kkout\onedrive - nkz.ac.jp\デスクトップ\dx21\directxinit\directxinit\x64\debug\directxinit.tlog\fxc.write.1.tlog
c:\users\kkout\onedrive - nkz.ac.jp\デスクトップ\dx21\directxinit\directxinit\x64\debug\directxinit.tlog\link.command.1.tlog
c:\users\kkout\onedrive - nkz.ac.jp\デスクトップ\dx21\directxinit\directxinit\x64\debug\directxinit.tlog\link.read.1.tlog
c:\users\kkout\onedrive - nkz.ac.jp\デスクトップ\dx21\directxinit\directxinit\x64\debug\directxinit.tlog\link.write.1.tlog
